<?xml version="1.0" encoding="UTF-8"?>
<!-- Generated by org.testng.reporters.JUnitReportReporter -->
<testsuite skipped="0" hostname="DESKTOP-GDI9CJ3" name="com.actitime.test.CustomerModule" tests="1" failures="0" timestamp="12 Mar 2021 12:00:31 GMT" time="0.028" errors="0">
  <testcase name="testCreateCustomer" time="0.028" classname="com.actitime.test.CustomerModule"/>
</testsuite> <!-- com.actitime.test.CustomerModule -->
